<?xml version="1.0" encoding="UTF-8"?>
<!-- Generated by org.testng.reporters.JUnitXMLReporter -->
<testsuite ignored="0" hostname="DESKTOP-ER55616" failures="0" tests="3" name="Test" time="18.649" errors="0" timestamp="2023-07-18T03:22:06 IST">
  <testcase classname="pomClasses.OpenPaytmApplication" name="launchApplication3" time="9.751"/>
  <testcase classname="pomClasses.LaunchDainikBhaskar" name="launchApplication1" time="4.926"/>
  <testcase classname="pomClasses.OpenFlipkartApplication" name="launchApplication2" time="3.931"/>
</testsuite> <!-- Test -->
