<?xml version="1.0" encoding="UTF-8"?>
<testng-results ignored="0" total="3" passed="3" failed="0" skipped="0">
  <reporter-output>
  </reporter-output>
  <suite started-at="2023-07-18T03:21:47 IST" name="Suite" finished-at="2023-07-18T03:22:06 IST" duration-ms="18649">
    <groups>
    </groups>
    <test started-at="2023-07-18T03:21:47 IST" name="Test" finished-at="2023-07-18T03:22:06 IST" duration-ms="18649">
      <class name="pomClasses.LaunchDainikBhaskar">
        <test-method signature="launchApplication1()[pri:0, instance:pomClasses.LaunchDainikBhaskar@1ab3a8c8]" started-at="2023-07-18T03:21:57 IST" name="launchApplication1" finished-at="2023-07-18T03:22:02 IST" duration-ms="4926" status="PASS">
          <reporter-output>
          </reporter-output>
        </test-method> <!-- launchApplication1 -->
      </class> <!-- pomClasses.LaunchDainikBhaskar -->
      <class name="pomClasses.OpenPaytmApplication">
        <test-method signature="launchApplication3()[pri:0, instance:pomClasses.OpenPaytmApplication@61df66b6]" started-at="2023-07-18T03:21:47 IST" name="launchApplication3" finished-at="2023-07-18T03:21:57 IST" duration-ms="9751" status="PASS">
          <reporter-output>
          </reporter-output>
        </test-method> <!-- launchApplication3 -->
      </class> <!-- pomClasses.OpenPaytmApplication -->
      <class name="pomClasses.OpenFlipkartApplication">
        <test-method signature="launchApplication2()[pri:0, instance:pomClasses.OpenFlipkartApplication@43195e57]" started-at="2023-07-18T03:22:02 IST" name="launchApplication2" finished-at="2023-07-18T03:22:06 IST" duration-ms="3931" status="PASS">
          <reporter-output>
          </reporter-output>
        </test-method> <!-- launchApplication2 -->
      </class> <!-- pomClasses.OpenFlipkartApplication -->
    </test> <!-- Test -->
  </suite> <!-- Suite -->
</testng-results>
